Using pre-set license
Built from '2020.3/release' branch; Version is '2020.3.12f1 (b3b2c6512326) revision 11776710'; Using compiler version '192528614'; Build Type 'Release'
OS: 'Windows 10 Home; OS build 19043.1052; Version 2009; 64bit' Language: 'en' Physical Memory: 16332 MB
BatchMode: 1, IsHumanControllingUs: 0, StartBugReporterOnCrash: 0, Is64bit: 1, IsPro: 0

 COMMAND LINE ARGUMENTS:
C:\Program Files\Unity\Hub\Editor\2020.3.12f1\Editor\Unity.exe
-adb2
-batchMode
-noUpm
-name
AssetImportWorker0
-projectPath
C:/Users/Anthony Luu/Desktop/Unity Projects/Unity-FirstGame/FirstGame
-logFile
Logs/AssetImportWorker0.log
-srvPort
64246
Successfully changed project path to: C:/Users/Anthony Luu/Desktop/Unity Projects/Unity-FirstGame/FirstGame
C:/Users/Anthony Luu/Desktop/Unity Projects/Unity-FirstGame/FirstGame
Using Asset Import Pipeline V2.
Refreshing native plugins compatible for Editor in 40.68 ms, found 2 plugins.
Preloading 0 native plugins for Editor in 0.00 ms.
Initialize engine version: 2020.3.12f1 (b3b2c6512326)
[Subsystems] Discovering subsystems at path C:/Program Files/Unity/Hub/Editor/2020.3.12f1/Editor/Data/Resources/UnitySubsystems
[Subsystems] Discovering subsystems at path C:/Users/Anthony Luu/Desktop/Unity Projects/Unity-FirstGame/FirstGame/Assets
GfxDevice: creating device client; threaded=0
Direct3D:
    Version:  Direct3D 11.0 [level 11.1]
    Renderer: NVIDIA GeForce RTX 2070 SUPER (ID=0x1e84)
    Vendor:   
    VRAM:     8011 MB
    Driver:   27.21.14.6677
Initialize mono
Mono path[0] = 'C:/Program Files/Unity/Hub/Editor/2020.3.12f1/Editor/Data/Managed'
Mono path[1] = 'C:/Program Files/Unity/Hub/Editor/2020.3.12f1/Editor/Data/MonoBleedingEdge/lib/mono/unityjit'
Mono config path = 'C:/Program Files/Unity/Hub/Editor/2020.3.12f1/Editor/Data/MonoBleedingEdge/etc'
Using monoOptions --debugger-agent=transport=dt_socket,embedding=1,server=y,suspend=n,address=127.0.0.1:56272
Begin MonoManager ReloadAssembly
Registering precompiled unity dll's ...
Register platform support module: C:/Program Files/Unity/Hub/Editor/2020.3.12f1/Editor/Data/PlaybackEngines/WebGLSupport/UnityEditor.WebGL.Extensions.dll
Register platform support module: C:/Program Files/Unity/Hub/Editor/2020.3.12f1/Editor/Data/PlaybackEngines/WindowsStandaloneSupport/UnityEditor.WindowsStandalone.Extensions.dll
Registered in 0.002398 seconds.
Native extension for WindowsStandalone target not found
Native extension for WebGL target not found
Refreshing native plugins compatible for Editor in 43.27 ms, found 2 plugins.
Preloading 0 native plugins for Editor in 0.00 ms.
Mono: successfully reloaded assembly
- Completed reload, in  0.903 seconds
Platform modules already initialized, skipping
Registering precompiled user dll's ...
Registered in 0.003947 seconds.
Begin MonoManager ReloadAssembly
Native extension for WindowsStandalone target not found
Native extension for WebGL target not found
Refreshing native plugins compatible for Editor in 0.57 ms, found 2 plugins.
Preloading 0 native plugins for Editor in 0.00 ms.
Mono: successfully reloaded assembly
- Completed reload, in  0.925 seconds
Platform modules already initialized, skipping
========================================================================
Worker process is ready to serve import requests
Launched and connected shader compiler UnityShaderCompiler.exe after 0.04 seconds
Refreshing native plugins compatible for Editor in 0.59 ms, found 2 plugins.
Preloading 0 native plugins for Editor in 0.00 ms.
Unloading 2034 Unused Serialized files (Serialized files now loaded: 0)
System memory in use before: 91.0 MB.
System memory in use after: 91.1 MB.

Unloading 84 unused Assets to reduce memory usage. Loaded Objects now: 2461.
Total: 2.254900 ms (FindLiveObjects: 0.206800 ms CreateObjectMapping: 0.048700 ms MarkObjects: 1.844700 ms  DeleteObjects: 0.153800 ms)

AssetImportParameters requested are different than current active one (requested -> active):
  custom:framework-win-MediaFoundation: 216162199b28c13a410421893ffa2e32 -> 
  custom:video-decoder-ogg-theora: a1e56fd34408186e4bbccfd4996cb3dc -> 
  custom:container-muxer-webm: aa71ff27fc2769a1b78a27578f13a17b -> 
  custom:container-demuxer-webm: 4f35f7cbe854078d1ac9338744f61a02 -> 
  custom:container-demuxer-ogg: 62fdf1f143b41e24485cea50d1cbac27 -> 
  custom:video-encoder-webm-vp8: eb34c28f22e8b96e1ab97ce403110664 -> 
  custom:video-decoder-webm-vp8: 9c59270c3fd7afecdb556c50c9e8de78 -> 
  custom:audio-decoder-ogg-vorbis: bf7c407c2cedff20999df2af8eb42d56 -> 
  custom:audio-encoder-webm-vorbis: bf7c407c2cedff20999df2af8eb42d56 -> 
========================================================================
Received Import Request.
  path: Assets/FPS
  artifactKey: Guid(50cf0c09de57fb64db657a17fd2dfc67) Importer(815301076,1909f56bfc062723c751e8b465ee728b)
Start importing Assets/FPS using Guid(50cf0c09de57fb64db657a17fd2dfc67) Importer(815301076,1909f56bfc062723c751e8b465ee728b)  -> (artifact id: 'aaea661f0af671723d7f1f9b9143a4fc') in 0.005070 seconds 
  Import took 0.007797 seconds .

========================================================================
Received Import Request.
  Time since last request: 5.007326 seconds.
  path: Assets/Scenes
  artifactKey: Guid(d40933b778b0d3f4da219d3df4c6f6d8) Importer(815301076,1909f56bfc062723c751e8b465ee728b)
Start importing Assets/Scenes using Guid(d40933b778b0d3f4da219d3df4c6f6d8) Importer(815301076,1909f56bfc062723c751e8b465ee728b)  -> (artifact id: '8ca5b06d2351d268001189b9f306383f') in 0.002299 seconds 
  Import took 0.005131 seconds .

========================================================================
Received Import Request.
  Time since last request: 1.596756 seconds.
  path: Assets/Scenes/SampleScene.unity
  artifactKey: Guid(9fc0d4010bbf28b4594072e72b8655ab) Importer(815301076,1909f56bfc062723c751e8b465ee728b)
Start importing Assets/Scenes/SampleScene.unity using Guid(9fc0d4010bbf28b4594072e72b8655ab) Importer(815301076,1909f56bfc062723c751e8b465ee728b)  -> (artifact id: '85059f4f9e1a832ed95adaa0d25c5c4c') in 0.004053 seconds 
  Import took 0.006849 seconds .

========================================================================
Received Import Request.
  Time since last request: 33.692296 seconds.
  path: Assets/FPS/Third-PartyNotice.txt
  artifactKey: Guid(cb83e91a00d95f74e8cbb29c4f6cdfed) Importer(815301076,1909f56bfc062723c751e8b465ee728b)
Start importing Assets/FPS/Third-PartyNotice.txt using Guid(cb83e91a00d95f74e8cbb29c4f6cdfed) Importer(815301076,1909f56bfc062723c751e8b465ee728b)  -> (artifact id: 'fd49c22fbfd57582308b99a636e7168d') in 0.019791 seconds 
  Import took 0.022882 seconds .

========================================================================
Received Import Request.
  Time since last request: 1.988325 seconds.
  path: Assets/FPS/FPSMicrogame_README.txt
  artifactKey: Guid(5f583f555fd60864f8527738219ec58f) Importer(815301076,1909f56bfc062723c751e8b465ee728b)
Start importing Assets/FPS/FPSMicrogame_README.txt using Guid(5f583f555fd60864f8527738219ec58f) Importer(815301076,1909f56bfc062723c751e8b465ee728b)  -> (artifact id: 'd32b5ea637cf700d2e5d75682e42f449') in 0.002794 seconds 
  Import took 0.005743 seconds .

========================================================================
Received Import Request.
  Time since last request: 0.000454 seconds.
  path: Assets/FPS/FPSMicrogame_README.txt
  artifactKey: Guid(5f583f555fd60864f8527738219ec58f) Importer(815301076,1909f56bfc062723c751e8b465ee728b)
Start importing Assets/FPS/FPSMicrogame_README.txt using Guid(5f583f555fd60864f8527738219ec58f) Importer(815301076,1909f56bfc062723c751e8b465ee728b)  -> (artifact id: 'd32b5ea637cf700d2e5d75682e42f449') in 0.002592 seconds 
  Import took 0.004987 seconds .

========================================================================
Received Import Request.
  Time since last request: 20.905562 seconds.
  path: Packages/com.unity.ugui
  artifactKey: Guid(8f7652e09069a1943278893d4264401e) Importer(815301076,1909f56bfc062723c751e8b465ee728b)
Start importing Packages/com.unity.ugui using Guid(8f7652e09069a1943278893d4264401e) Importer(815301076,1909f56bfc062723c751e8b465ee728b)  -> (artifact id: '9be8eef517426cf4e5d1ef023f0f7cab') in 0.002232 seconds 
  Import took 0.005089 seconds .

========================================================================
Received Import Request.
  Time since last request: 19.638343 seconds.
  path: Assets/FPS/Scenes
  artifactKey: Guid(9c53962885c2c4f449125a979d6ad240) Importer(815301076,1909f56bfc062723c751e8b465ee728b)
Start importing Assets/FPS/Scenes using Guid(9c53962885c2c4f449125a979d6ad240) Importer(815301076,1909f56bfc062723c751e8b465ee728b)  -> (artifact id: 'b84b7967cc9dcf85b41182ee17c3822b') in 0.002026 seconds 
  Import took 0.005249 seconds .

========================================================================
Received Import Request.
  Time since last request: 1.438601 seconds.
  path: Assets/FPS/Scenes/MainScene.unity
  artifactKey: Guid(d794a2ef8ba31d847ad3c19d03e2ddb9) Importer(815301076,1909f56bfc062723c751e8b465ee728b)
Start importing Assets/FPS/Scenes/MainScene.unity using Guid(d794a2ef8ba31d847ad3c19d03e2ddb9) Importer(815301076,1909f56bfc062723c751e8b465ee728b)  -> (artifact id: '191ffcd24e29177088e0b8dc48340143') in 0.002655 seconds 
  Import took 0.005681 seconds .

========================================================================
Received Import Request.
  Time since last request: 17.695829 seconds.
  path: Assets/FPS/Scenes/MainSceneSettings.lighting
  artifactKey: Guid(a37e164e6490648ec966f654d144932b) Importer(815301076,1909f56bfc062723c751e8b465ee728b)
Start importing Assets/FPS/Scenes/MainSceneSettings.lighting using Guid(a37e164e6490648ec966f654d144932b) Importer(815301076,1909f56bfc062723c751e8b465ee728b)  -> (artifact id: 'a878ac46f41f0e59d051db2d6985573e') in 0.005760 seconds 
  Import took 0.008976 seconds .

========================================================================
Received Import Request.
  Time since last request: 0.750243 seconds.
  path: Assets/FPS/Scenes/MainSceneSettings.lighting
  artifactKey: Guid(a37e164e6490648ec966f654d144932b) Importer(815301076,1909f56bfc062723c751e8b465ee728b)
Start importing Assets/FPS/Scenes/MainSceneSettings.lighting using Guid(a37e164e6490648ec966f654d144932b) Importer(815301076,1909f56bfc062723c751e8b465ee728b)  -> (artifact id: 'a878ac46f41f0e59d051db2d6985573e') in 0.002532 seconds 
  Import took 0.005644 seconds .

========================================================================
Received Prepare
Registering precompiled user dll's ...
Registered in 0.004639 seconds.
Begin MonoManager ReloadAssembly
Native extension for WindowsStandalone target not found
Native extension for WebGL target not found
Refreshing native plugins compatible for Editor in 0.92 ms, found 2 plugins.
Preloading 0 native plugins for Editor in 0.00 ms.
Warning: Annotation not found!
UnityEngine.StackTraceUtility:ExtractStackTrace ()
UnityEditor.ProBuilder.EditorUtility:SetGizmoIconEnabled (System.Type,bool) (at Library/PackageCache/com.unity.probuilder@4.5.0/Editor/EditorCore/EditorUtility.cs:593)
UnityEditor.ProBuilder.HierarchyListener:.cctor () (at Library/PackageCache/com.unity.probuilder@4.5.0/Editor/EditorCore/HierarchyListener.cs:21)
System.Runtime.CompilerServices.RuntimeHelpers:RunClassConstructor (System.RuntimeTypeHandle)
UnityEditor.EditorAssemblies:ProcessInitializeOnLoadAttributes (System.Type[])

[Library/PackageCache/com.unity.probuilder@4.5.0/Editor/EditorCore/EditorUtility.cs line 593]

Mono: successfully reloaded assembly
- Completed reload, in  0.900 seconds
Platform modules already initialized, skipping
Refreshing native plugins compatible for Editor in 0.56 ms, found 2 plugins.
Preloading 0 native plugins for Editor in 0.00 ms.
Unloading 1989 Unused Serialized files (Serialized files now loaded: 0)
System memory in use before: 87.6 MB.
System memory in use after: 87.7 MB.

Unloading 16 unused Assets to reduce memory usage. Loaded Objects now: 2464.
Total: 2.505100 ms (FindLiveObjects: 0.252200 ms CreateObjectMapping: 0.045300 ms MarkObjects: 2.106100 ms  DeleteObjects: 0.100100 ms)

AssetImportParameters requested are different than current active one (requested -> active):
  custom:framework-win-MediaFoundation: 216162199b28c13a410421893ffa2e32 -> 
  custom:video-decoder-ogg-theora: a1e56fd34408186e4bbccfd4996cb3dc -> 
  custom:container-muxer-webm: aa71ff27fc2769a1b78a27578f13a17b -> 
  custom:container-demuxer-webm: 4f35f7cbe854078d1ac9338744f61a02 -> 
  custom:container-demuxer-ogg: 62fdf1f143b41e24485cea50d1cbac27 -> 
  custom:video-encoder-webm-vp8: eb34c28f22e8b96e1ab97ce403110664 -> 
  custom:video-decoder-webm-vp8: 9c59270c3fd7afecdb556c50c9e8de78 -> 
  custom:audio-decoder-ogg-vorbis: bf7c407c2cedff20999df2af8eb42d56 -> 
  custom:audio-encoder-webm-vorbis: bf7c407c2cedff20999df2af8eb42d56 -> 
